2023-11-02 20:48:38,084 - request_logger - INFO - {'timestamp': datetime.datetime(2023, 11, 2, 20, 48, 38, 84932), 'method': 'GET', 'url': '/tasks/'}
2023-11-02 20:48:38,096 - request_logger - INFO - {'timestamp': datetime.datetime(2023, 11, 2, 20, 48, 38, 96057), 'method': 'GET', 'url': '/tasks'}
2023-11-04 11:27:36,761 - request_logger - INFO - {'timestamp': datetime.datetime(2023, 11, 4, 11, 27, 36, 761402), 'method': 'GET', 'url': '/products'}
2023-11-04 11:28:12,943 - request_logger - INFO - {'timestamp': datetime.datetime(2023, 11, 4, 11, 28, 12, 943900), 'method': 'GET', 'url': '/task'}
2023-11-04 11:29:55,013 - request_logger - INFO - {'timestamp': datetime.datetime(2023, 11, 4, 11, 29, 55, 13785), 'method': 'GET', 'url': '/Task'}
2023-11-04 14:51:26,694 - request_logger - INFO - {'timestamp': datetime.datetime(2023, 11, 4, 14, 51, 26, 694706), 'method': 'GET', 'url': '/task'}
2023-11-04 14:52:28,365 - request_logger - INFO - {'timestamp': datetime.datetime(2023, 11, 4, 14, 52, 28, 365144), 'method': 'GET', 'url': '/task'}
2023-11-04 14:56:40,380 - request_logger - INFO - {'timestamp': datetime.datetime(2023, 11, 4, 14, 56, 40, 380085), 'method': 'POST', 'url': '/tasks'}
2023-11-04 14:58:30,245 - request_logger - INFO - {'timestamp': datetime.datetime(2023, 11, 4, 14, 58, 30, 245320), 'method': 'POST', 'url': '/tasks'}
2023-11-04 14:58:48,593 - request_logger - INFO - {'timestamp': datetime.datetime(2023, 11, 4, 14, 58, 48, 592102), 'method': 'POST', 'url': '/tasks'}
2023-11-04 14:59:05,048 - request_logger - INFO - {'timestamp': datetime.datetime(2023, 11, 4, 14, 59, 5, 48778), 'method': 'POST', 'url': '/tasks'}
2023-11-04 14:59:15,545 - request_logger - INFO - {'timestamp': datetime.datetime(2023, 11, 4, 14, 59, 15, 545087), 'method': 'POST', 'url': '/tasks'}
2023-11-04 15:00:49,968 - request_logger - INFO - {'timestamp': datetime.datetime(2023, 11, 4, 15, 0, 49, 968344), 'method': 'POST', 'url': '/tasks'}
2023-11-04 15:01:33,519 - request_logger - INFO - {'timestamp': datetime.datetime(2023, 11, 4, 15, 1, 33, 519031), 'method': 'POST', 'url': '/tasks'}
2023-11-04 15:02:27,936 - request_logger - INFO - {'timestamp': datetime.datetime(2023, 11, 4, 15, 2, 27, 936755), 'method': 'GET', 'url': '/tasks'}
2023-11-04 15:02:40,777 - request_logger - INFO - {'timestamp': datetime.datetime(2023, 11, 4, 15, 2, 40, 777962), 'method': 'POST', 'url': '/tasks'}
2023-11-04 15:03:14,466 - request_logger - INFO - {'timestamp': datetime.datetime(2023, 11, 4, 15, 3, 14, 466077), 'method': 'POST', 'url': '/tasks'}
2023-11-04 15:06:19,079 - request_logger - INFO - {'timestamp': datetime.datetime(2023, 11, 4, 15, 6, 19, 79901), 'method': 'POST', 'url': '/tasks'}
2023-11-04 15:09:18,299 - request_logger - INFO - {'timestamp': datetime.datetime(2023, 11, 4, 15, 9, 18, 299054), 'method': 'POST', 'url': '/tasks'}
2023-11-04 15:11:56,991 - request_logger - INFO - {'timestamp': datetime.datetime(2023, 11, 4, 15, 11, 56, 991506), 'method': 'GET', 'url': '/tasks'}
2023-11-04 19:53:44,206 - request_logger - INFO - {'timestamp': datetime.datetime(2023, 11, 4, 19, 53, 44, 205301), 'method': 'POST', 'url': '/tasks'}
2023-11-04 19:54:01,569 - request_logger - INFO - {'timestamp': datetime.datetime(2023, 11, 4, 19, 54, 1, 569675), 'method': 'GET', 'url': '/tasks'}
2023-11-04 19:55:05,524 - request_logger - INFO - {'timestamp': datetime.datetime(2023, 11, 4, 19, 55, 5, 524378), 'method': 'PUT', 'url': '/tasks'}
2023-11-04 19:55:22,467 - request_logger - INFO - {'timestamp': datetime.datetime(2023, 11, 4, 19, 55, 22, 467320), 'method': 'PUT', 'url': '/tasks'}
2023-11-04 19:55:27,229 - request_logger - INFO - {'timestamp': datetime.datetime(2023, 11, 4, 19, 55, 27, 229562), 'method': 'PUT', 'url': '/tasks'}
2023-11-04 19:55:28,294 - request_logger - INFO - {'timestamp': datetime.datetime(2023, 11, 4, 19, 55, 28, 288126), 'method': 'PUT', 'url': '/tasks'}
2023-11-04 19:55:28,929 - request_logger - INFO - {'timestamp': datetime.datetime(2023, 11, 4, 19, 55, 28, 929683), 'method': 'PUT', 'url': '/tasks'}
2023-11-11 20:21:11,279 - request_logger - INFO - {'timestamp': datetime.datetime(2023, 11, 11, 20, 21, 11, 278224), 'method': 'POST', 'url': '/tasks'}
2023-11-11 20:23:59,435 - request_logger - INFO - {'timestamp': datetime.datetime(2023, 11, 11, 20, 23, 59, 435139), 'method': 'GET', 'url': '/tasks'}
2023-11-11 20:52:24,261 - request_logger - INFO - {'timestamp': datetime.datetime(2023, 11, 11, 20, 52, 24, 261639), 'method': 'GET', 'url': '/tasks'}
2023-11-11 20:52:41,444 - request_logger - INFO - {'timestamp': datetime.datetime(2023, 11, 11, 20, 52, 41, 444898), 'method': 'GET', 'url': '/tasks'}
2023-11-11 20:53:04,396 - request_logger - INFO - {'timestamp': datetime.datetime(2023, 11, 11, 20, 53, 4, 396035), 'method': 'GET', 'url': '/tasks'}
2023-11-11 20:53:20,836 - request_logger - INFO - {'timestamp': datetime.datetime(2023, 11, 11, 20, 53, 20, 836838), 'method': 'GET', 'url': '/tasks'}
2023-11-11 20:53:45,336 - request_logger - INFO - {'timestamp': datetime.datetime(2023, 11, 11, 20, 53, 45, 336947), 'method': 'GET', 'url': '/tasks'}
2023-11-11 20:53:57,190 - request_logger - INFO - {'timestamp': datetime.datetime(2023, 11, 11, 20, 53, 57, 190967), 'method': 'GET', 'url': '/tasks'}
2023-11-11 21:06:04,012 - request_logger - INFO - {'timestamp': datetime.datetime(2023, 11, 11, 21, 6, 4, 12216), 'method': 'GET', 'url': '/tasks'}
2023-11-11 21:06:23,551 - request_logger - INFO - {'timestamp': datetime.datetime(2023, 11, 11, 21, 6, 23, 551088), 'method': 'GET', 'url': '/tasks'}
2023-11-11 21:07:45,317 - request_logger - INFO - {'timestamp': datetime.datetime(2023, 11, 11, 21, 7, 45, 317656), 'method': 'PUT', 'url': '/tasks'}
2023-11-11 21:08:27,166 - request_logger - INFO - {'timestamp': datetime.datetime(2023, 11, 11, 21, 8, 27, 166252), 'method': 'PUT', 'url': '/tasks'}
2023-11-12 07:16:42,363 - routes.tasks - ERROR - Error deleting task by ID: 2 or more items returned, instead of 1
2023-11-12 07:24:48,205 - routes.tasks - ERROR - Error retrieving tasks: Cannot resolve field "_id"
2023-11-12 07:25:57,609 - routes.tasks - ERROR - Error retrieving tasks: Cannot resolve field "_id"
2023-11-12 07:34:04,146 - routes.tasks - ERROR - Error retrieving tasks: Not a query object: {'_id': '6550304f2d37f4167a723b2c'}. Did you intend to use key=value?
2023-11-12 07:38:01,187 - routes.tasks - ERROR - Error retrieving tasks: Not a query object: {<built-in function id>: ObjectId('6550304f2d37f4167a723b2c')}. Did you intend to use key=value?
